"driverid","forename","surname","races_participated","total_points","wins"
"1","Lewis","Hamilton","322","4540.50","103"
"20","Sebastian","Vettel","300","3098.00","53"
"830","Max","Verstappen","175","2275.50","45"
"4","Fernando","Alonso","370","2203.00","32"
"8","Kimi","Räikkönen","352","1873.00","21"
"822","Valtteri","Bottas","213","1783.00","10"
"3","Nico","Rosberg","206","1594.50","23"
"30","Michael","Schumacher","308","1566.00","91"
"815","Sergio","Pérez","249","1361.00","6"
"817","Daniel","Ricciardo","234","1307.00","8"
"18","Jenson","Button","309","1235.00","15"
"13","Felipe","Massa","271","1167.00","11"
"17","Mark","Webber","217","1047.50","9"
"844","Charles","Leclerc","115","939.00","5"
"832","Carlos","Sainz","175","840.50","1"
"117","Alain","Prost","202","798.50","51"
"22","Rubens","Barrichello","326","658.00","11"
"102","Ayrton","Senna","162","614.00","41"
"14","David","Coulthard","247","535.00","13"
"807","Nico","Hülkenberg","196","527.00","0"
"846","Lando","Norris","94","488.00","0"
"137","Nelson","Piquet","207","485.50","23"
"95","Nigel","Mansell","192","482.00","31"
"182","Niki","Lauda","174","420.50","25"
"57","Mika","Häkkinen","165","420.00","20"
"839","Esteban","Ocon","123","394.00","1"
"154","Romain","Grosjean","181","391.00","0"
"77","Gerhard","Berger","210","385.00","10"
"847","George","Russell","94","373.00","1"
"71","Damon","Hill","122","360.00","22"
"328","Jackie","Stewart","100","360.00","27"
"842","Pierre","Gasly","120","348.00","1"
"23","Ralf","Schumacher","180","329.00","6"
"199","Carlos","Reutemann","146","310.00","12"
"31","Juan","Pablo Montoya","95","307.00","7"
"289","Graham","Hill","179","289.00","14"
"224","Emerson","Fittipaldi","149","281.00","14"
"119","Riccardo","Patrese","257","281.00","6"
"579","Juan","Fangio","51","279.14","26"
"21","Giancarlo","Fisichella","231","275.00","3"
"373","Jim","Clark","72","274.00","25"
"9","Robert","Kubica","99","274.00","1"
"356","Jack","Brabham","128","261.00","14"
"2","Nick","Heidfeld","184","259.00","0"
"222","Jody","Scheckter","113","255.00","10"
"304","Denny","Hulme","112","248.00","8"
"15","Jarno","Trulli","256","246.50","1"
"55","Jean","Alesi","202","241.00","1"
"840","Lance","Stroll","134","235.00","0"
"35","Jacques","Villeneuve","165","235.00","11"
"172","Jacques","Laffite","180","228.00","6"
"223","Clay","Regazzoni","138","212.00","5"
"848","Alexander","Albon","71","212.00","0"
"238","Ronnie","Peterson","123","206.00","10"
"178","Alan","Jones","117","206.00","12"
"826","Daniil","Kvyat","112","202.00","0"
"360","Bruce","McLaren","103","196.50","4"
"56","Eddie","Irvine","147","191.00","4"
"475","Stirling","Moss","67","186.50","17"
"105","Michele","Alboreto","215","186.50","5"
"825","Kevin","Magnussen","154","181.00","0"
"163","René","Arnoux","164","181.00","7"
"235","Jacky","Ickx","121","181.00","8"
"341","John","Surtees","112","180.00","6"
"207","Mario","Andretti","129","180.00","12"
"231","James","Hunt","93","179.00","10"
"49","Heinz-Harald","Frentzen","159","174.00","3"
"187","John","Watson","154","169.00","5"
"177","Keke","Rosberg","128","159.50","5"
"221","Patrick","Depailler","95","141.00","2"
"647","Alberto","Ascari","32","140.00","13"
"364","Dan","Gurney","87","133.00","4"
"123","Thierry","Boutsen","164","132.00","3"
"578","Mike","Hawthorn","46","127.64","3"
"642","Nino","Farina","34","127.33","5"
"155","Kamui","Kobayashi","76","125.00","0"
"16","Adrian","Sutil","128","124.00","0"
"173","Elio","de Angelis","110","122.00","2"
"814","Paul","di Resta","59","121.00","0"
"358","Jochen","Rindt","62","109.00","6"
"386","Richie","Ginther","54","107.00","1"
"203","Gilles","Villeneuve","68","107.00","6"
"5","Heikki","Kovalainen","112","105.00","1"
"175","Patrick","Tambay","122","103.00","2"
"202","Didier","Pironi","72","101.00","3"
"65","Johnny","Herbert","165","98.00","3"
"403","Phil","Hill","52","98.00","3"
"84","Martin","Brundle","165","98.00","0"
"327","François","Cevert","47","89.00","1"
"140","Stefan","Johansson","103","88.00","0"
"278","Chris","Amon","106","83.00","0"
"498","José Froilán","González","26","77.64","2"
"306","Jean-Pierre","Beltoise","87","77.00","1"
"44","Olivier","Panis","158","76.00","1"
"813","Pastor","Maldonado","96","76.00","1"
"479","Tony","Brooks","39","75.00","7"
"427","Maurice","Trintignant","85","72.33","2"
"345","Pedro","Rodríguez","54","71.00","2"
"118","Derek","Warwick","162","71.00","0"
"200","Jochen","Mass","114","71.00","1"
"158","Eddie","Cheever","143","70.00","0"
"346","Jo","Siffert","100","68.00","2"
"145","Alessandro","Nannini","77","65.00","1"
"808","Vitaly","Petrov","58","64.00","0"
"309","Peter","Revson","31","61.00","2"
"110","Andrea","de Cesaris","214","59.00","0"
"385","Lorenzo","Bandini","44","58.00","1"
"250","Carlos","Pace","73","58.00","1"
"476","Wolfgang","von Trips","28","56.00","2"
"818","Jean-Éric","Vergne","58","51.00","0"
"10","Timo","Glock","95","51.00","0"
"554","Jean","Behra","52","51.00","0"
"633","Luigi","Villoresi","33","49.00","0"
"852","Yuki","Tsunoda","56","47.00","0"
"404","Innes","Ireland","55","47.00","1"
"581","Peter","Collins","34","47.00","3"
"25","Alexander","Wurz","69","45.00","0"
"11","Takuma","Sato","91","44.00","0"
"577","Luigi","Musso","25","44.00","1"
"641","Piero","Taruffi","18","41.00","1"
"347","Jo","Bonnier","109","39.00","1"
"37","Pedro","de la Rosa","107","35.00","0"
"63","Mika","Salo","111","33.00","0"
"811","Bruno","Senna","46","33.00","0"
"501","Harry","Schell","57","32.00","0"
"87","Mark","Blundell","63","32.00","0"
"786","Luigi","Fagioli","7","32.00","2"
"197","Jean-Pierre","Jarier","143","31.50","0"
"153","Jaime","Alguersuari","46","31.00","0"
"122","Ivan","Capelli","98","31.00","0"
"255","Gunnar","Nilsson","32","31.00","1"
"831","Felipe","Nasr","40","29.00","0"
"233","Hans-Joachim","Stuck","81","29.00","0"
"509","Jim","Rathmann","10","29.00","1"
"67","Sébastien","Buemi","55","29.00","0"
"305","Mike","Hailwood","51","29.00","0"
"857","Oscar","Piastri","12","27.00","0"
"374","Mike","Spence","36","27.00","0"
"408","Tony","Maggs","27","26.00","0"
"24","Vitantonio","Liuzzi","81","26.00","0"
"838","Stoffel","Vandoorne","42","26.00","0"
"170","Teo","Fabi","71","23.00","0"
"418","Masten","Gregory","45","21.00","0"
"219","Jean-Pierre","Jabouille","55","21.00","2"
"841","Antonio","Giovinazzi","62","21.00","0"
"361","Piers","Courage","29","20.00","0"
"611","Sam","Hanks","8","20.00","1"
"608","Eugenio","Castellotti","14","19.50","0"
"657","Bill","Vukovich","5","19.00","2"
"12","Nelson","Piquet Jr.","28","19.00","0"
"456","Roy","Salvadori","51","19.00","0"
"252","Tom","Pryce","42","19.00","0"
"525","Jimmy","Bryan","9","18.00","1"
"828","Marcus","Ericsson","97","18.00","0"
"627","Louis","Rosier","38","18.00","0"
"94","Pierluigi","Martini","123","18.00","0"
"482","Olivier","Gendebien","17","18.00","0"
"697","Felice","Bonetto","16","17.50","0"
"131","Stefano","Modena","81","17.00","0"
"176","Marc","Surer","88","17.00","0"
"50","Jos","Verstappen","107","17.00","0"
"648","Karl","Kling","11","17.00","0"
"375","Ludovico","Scarfiotti","13","17.00","1"
"626","Robert","Manzon","29","16.00","0"
"138","Satoru","Nakajima","80","16.00","0"
"590","Stuart","Lewis-Evans","14","16.00","0"
"230","Vittorio","Brambilla","78","15.50","1"
"206","Derek","Daly","64","15.00","0"
"90","Roberto","Moreno","74","15.00","0"
"91","Karl","Wendlinger","42","14.00","0"
"449","Rodger","Ward","12","14.00","1"
"387","Mike","Parkes","7","14.00","0"
"156","Jonathan","Palmer","88","14.00","0"
"394","Giancarlo","Baghetti","26","14.00","1"
"32","Christian","Klien","51","14.00","0"
"243","Rolf","Stommelen","61","14.00","0"
"152","Bruno","Giacomelli","82","14.00","0"
"317","Reine","Wisell","23","13.00","0"
"643","Roberto","Mieres","17","13.00","0"
"212","Hector","Rebaque","58","13.00","0"
"43","Cristiano","da Matta","28","13.00","0"
"262","Jackie","Oliver","51","13.00","0"
"854","Mick","Schumacher","44","12.00","0"
"104","Christian","Fittipaldi","43","12.00","0"
"593","Johnnie","Parsons","9","12.00","1"
"280","Henri","Pescarolo","59","12.00","0"
"397","Peter","Arundell","15","12.00","0"
"320","Peter","Gethin","30","11.00","1"
"166","Philippe","Streiff","54","11.00","0"
"232","Arturo","Merzario","84","11.00","0"
"529","Tony","Bettenhausen","11","11.00","0"
"632","Paul","Frère","11","11.00","0"
"477","Cliff","Allison","18","11.00","0"
"370","Richard","Attwood","17","11.00","0"
"64","Pedro","Diniz","99","10.00","0"
"512","Johnny","Thomson","8","10.00","0"
"307","Howden","Ganley","39","10.00","0"
"723","Rudi","Fischer","7","10.00","0"
"103","Éric","Bernard","47","10.00","0"
"109","Jyrki","Järvilehto","70","10.00","0"
"478","Hans","Herrmann","20","10.00","0"
"127","Maurício","Gugelmin","80","10.00","0"
"855","Guanyu","Zhou","34","10.00","0"
"526","Troy","Ruttman","9","9.50","1"
"686","Reg","Parnell","7","9.00","0"
"658","Jack","McGrath","6","9.00","0"
"496","Carlos","Menditeguy","11","9.00","0"
"6","Kazuki","Nakajima","36","9.00","0"
"849","Nicholas","Latifi","61","9.00","0"
"640","Toulo","de Graffenried","23","9.00","0"
"835","Jolyon","Palmer","37","9.00","0"
"766","Lee","Wallard","2","9.00","1"
"359","Johnny","Servoz-Gavin","12","9.00","0"
"81","Gianni","Morbidelli","70","8.50","0"
"555","Paul","Russo","8","8.50","0"
"670","Onofre","Marimón","12","8.14","0"
"88","Aguri","Suzuki","88","8.00","0"
"42","Antônio","Pizzonia","20","8.00","0"
"559","Pat","Flaherty","6","8.00","1"
"628","Bob","Sweikert","5","8.00","1"
"350","Vic","Elford","13","8.00","0"
"288","Mark","Donohue","15","8.00","0"
"673","Mike","Nazaruk","3","8.00","0"
"656","Art","Cross","4","8.00","0"
"669","Prince","Bira","19","8.00","0"
"383","Bob","Anderson","26","8.00","0"
"312","Brian","Redman","13","8.00","0"
"401","Trevor","Taylor","29","8.00","0"
"33","Tiago","Monteiro","37","7.00","0"
"78","Nicola","Larini","75","7.00","0"
"435","Willy","Mairesse","12","7.00","0"
"314","Tim","Schenken","36","7.00","0"
"121","Michael","Andretti","13","7.00","0"
"100","Érik","Comas","63","7.00","0"
"112","Philippe","Alliot","115","7.00","0"
"518","Duane","Carter","8","6.50","0"
"836","Pascal","Wehrlein","39","6.00","0"
"580","Paco","Godia","14","6.00","0"
"376","Lucien","Bianchi","19","6.00","0"
"333","Andrea","de Adamich","36","6.00","0"
"510","Paul","Goldsmith","3","6.00","0"
"591","George","Amick","1","6.00","0"
"340","John","Love","10","6.00","0"
"133","Alex","Caffi","75","6.00","0"
"7","Sébastien","Bourdais","27","6.00","0"
"821","Esteban","Gutiérrez","59","6.00","0"
"701","Bill","Holland","2","6.00","0"
"39","Narain","Karthikeyan","48","5.00","0"
"184","Mauro","Baldi","41","5.00","0"
"704","Yves","Cabantous","13","5.00","0"
"486","Jack","Fairman","13","5.00","0"
"92","Bertrand","Gachot","84","5.00","0"
"332","George","Follmer","12","5.00","0"
"541","Ron","Flockhart","14","5.00","0"
"607","Cesare","Perdisa","8","5.00","0"
"79","Ukyo","Katayama","97","5.00","0"
"48","Marc","Gené","36","5.00","0"
"612","Andy","Linden","7","5.00","0"
"843","Brendon","Hartley","25","4.00","0"
"27","Christijan","Albers","46","4.00","0"
"687","Peter","Whitehead","12","4.00","0"
"589","Louis","Chiron","17","4.00","0"
"454","Ricardo","Rodríguez","6","4.00","0"
"653","Jimmy","Davies","5","4.00","0"
"533","Johnny","Boyd","6","4.00","0"
"185","Stefan","Bellof","22","4.00","0"
"606","Alfonso","de Portago","5","4.00","0"
"644","Sergio","Mantovani","8","4.00","0"
"768","Mauri","Rose","2","4.00","0"
"528","Don","Freeland","8","4.00","0"
"157","Christian","Danner","47","4.00","0"
"430","Carel Godin","de Beaufort","31","4.00","0"
"620","Umberto","Maglioli","10","3.33","0"
"40","Patrick","Friesacher","11","3.00","0"
"351","Silvio","Moser","18","3.00","0"
"481","Henry","Taylor","10","3.00","0"
"363","Ignazio","Giunti","4","3.00","0"
"793","Raymond","Sommer","5","3.00","0"
"174","Johnny","Dumfries","16","3.00","0"
"770","Cecil","Green","2","3.00","0"
"763","Consalvo","Sanesi","5","3.00","0"
"802","Dorino","Serafini","1","3.00","0"
"453","Jackie","Lewis","11","3.00","0"
"96","Jean-Christophe","Boullion","11","3.00","0"
"663","Ken","Wharton","16","3.00","0"
"742","Dennis","Poore","2","3.00","0"
"41","Ricardo","Zonta","38","3.00","0"
"741","Philippe","Étancelin","12","3.00","0"
"440","Jim","Hall","12","3.00","0"
"194","Eliseo","Salazar","37","3.00","0"
"543","Giulio","Cabianca","4","3.00","0"
"511","Don","Branson","2","3.00","0"
"139","Emanuele","Pirro","40","3.00","0"
"290","Wilson","Fittipaldi","38","3.00","0"
"396","Bob","Bondurant","9","3.00","0"
"423","Gerhard","Mitter","5","3.00","0"
"743","Eric","Thompson","1","2.00","0"
"695","Oscar","Gálvez","1","2.00","0"
"160","Piercarlo","Ghinzani","111","2.00","0"
"193","Danny","Sullivan","15","2.00","0"
"120","Fabrizio","Barbazza","20","2.00","0"
"689","Alan","Brown","9","2.00","0"
"691","Hermann","Lang","2","2.00","0"
"824","Jules","Bianchi","34","2.00","0"
"675","Manny","Ayulo","4","2.00","0"
"547","Horace","Gould","18","2.00","0"
"734","Bobby","Ball","2","2.00","0"
"298","Gijs","van Lennep","9","2.00","0"
"537","Dick","Rathmann","5","2.00","0"
"388","Chris","Irwin","10","2.00","0"
"433","Walt","Hansgen","4","2.00","0"
"357","John","Miles","15","2.00","0"
"625","Élie","Bayol","7","2.00","0"
"856","Nyck","de Vries","11","2.00","0"
"405","Ronnie","Bucknum","11","2.00","0"
"181","Manfred","Winkelhock","55","2.00","0"
"75","Shinji","Nakano","33","2.00","0"
"624","Hernando","da Silva Ramos","7","2.00","0"
"429","André","Pilette","15","2.00","0"
"615","Fred","Agabashian","8","1.50","0"
"583","Gerino","Gerini","7","1.50","0"
"622","Chico","Landi","6","1.50","0"
"794","Joie","Chitwood","1","1.00","0"
"399","John","Taylor","5","1.00","0"
"774","Eugène","Chaboud","3","1.00","0"
"99","Gabriele","Tarquini","78","1.00","0"
"845","Sergey","Sirotkin","21","1.00","0"
"654","Walt","Faulkner","5","1.00","0"
"201","Slim","Borgudd","15","1.00","0"
"188","Johnny","Cecotto","23","1.00","0"
"70","Alessandro","Zanardi","44","1.00","0"
"192","Chico","Serra","32","1.00","0"
"159","Luis","Pérez-Sala","32","1.00","0"
"76","Jan","Magnussen","25","1.00","0"
"321","Derek","Bell","14","1.00","0"
"52","Ralph","Firman","14","1.00","0"
"410","Neville","Lederle","3","1.00","0"
"51","Justin","Wilson","16","1.00","0"
"483","Giorgio","Scarlatti","15","1.00","0"
"47","Zsolt","Baumgartner","20","1.00","0"
"513","Eddie","Johnson","9","1.00","0"
"129","Olivier","Grouillard","62","1.00","0"
"519","Bill","Homeier","3","1.00","0"
"141","Julian","Bailey","20","1.00","0"
"254","Renzo","Zorzi","7","1.00","0"
"294","Tony","Brise","10","1.00","0"
"389","Guy","Ligier","13","1.00","0"
"83","Pedro","Lamy","32","1.00","0"
"275","Lella","Lombardi","17","0.50","0"
"613","Marshall","Teague","3","0.00","0"
"614","Don","Edmunds","1","0.00","0"
"616","Elmer","George","1","0.00","0"
"617","Mike","MacDowel","1","0.00","0"
"618","Herbert","MacKay-Fraser","1","0.00","0"
"619","Bob","Gerard","7","0.00","0"
"621","Paul","England","1","0.00","0"
"623","Alberto","Uria","2","0.00","0"
"629","Cliff","Griffith","3","0.00","0"
"630","Duke","Dinsmore","4","0.00","0"
"631","Keith","Andrews","2","0.00","0"
"634","Piero","Scotti","1","0.00","0"
"635","Colin","Chapman","1","0.00","0"
"636","Desmond","Titterington","1","0.00","0"
"637","Archie","Scott Brown","1","0.00","0"
"638","Ottorino","Volonterio","3","0.00","0"
"639","André","Milhoux","1","0.00","0"
"645","Clemar","Bucci","5","0.00","0"
"646","Jesús","Iglesias","1","0.00","0"
"649","Pablo","Birger","2","0.00","0"
"650","Jacques","Pollet","5","0.00","0"
"651","Lance","Macklin","15","0.00","0"
"652","Ted","Whiteaway","1","0.00","0"
"655","Cal","Niday","3","0.00","0"
"659","Jerry","Hoyt","4","0.00","0"
"660","Johnny","Claes","25","0.00","0"
"661","Peter","Walker","4","0.00","0"
"662","Mike","Sparken","1","0.00","0"
"664","Kenneth","McAlpine","7","0.00","0"
"665","Leslie","Marr","2","0.00","0"
"666","Tony","Rolt","3","0.00","0"
"667","John","Fitch","2","0.00","0"
"668","Jean","Lucas","1","0.00","0"
"671","Roger","Loyer","1","0.00","0"
"672","Jorge","Daponte","2","0.00","0"
"674","Larry","Crockett","1","0.00","0"
"676","Frank","Armi","1","0.00","0"
"677","Travis","Webb","4","0.00","0"
"678","Len","Duncan","1","0.00","0"
"679","Ernie","McCoy","2","0.00","0"
"680","Jacques","Swaters","7","0.00","0"
"681","Georges","Berger","2","0.00","0"
"682","Don","Beauman","1","0.00","0"
"683","Leslie","Thorne","1","0.00","0"
"684","Bill","Whitehouse","1","0.00","0"
"685","John","Riseley-Prichard","1","0.00","0"
"688","Eric","Brandon","5","0.00","0"
"690","Rodney","Nuckey","2","0.00","0"
"692","Theo","Helfrich","3","0.00","0"
"693","Fred","Wacker","3","0.00","0"
"694","Giovanni","de Riu","1","0.00","0"
"696","John","Barber","1","0.00","0"
"698","Adolfo","Cruz","1","0.00","0"
"699","Duke","Nalon","3","0.00","0"
"700","Carl","Scarborough","2","0.00","0"
"702","Bob","Scott","3","0.00","0"
"703","Arthur","Legat","2","0.00","0"
"705","Tony","Crook","2","0.00","0"
"706","Jimmy","Stewart","1","0.00","0"
"707","Ian","Stewart","1","0.00","0"
"708","Duncan","Hamilton","5","0.00","0"
"709","Ernst","Klodwig","2","0.00","0"
"710","Rudolf","Krause","2","0.00","0"
"711","Oswald","Karch","1","0.00","0"
"712","Willi","Heeks","2","0.00","0"
"713","Theo","Fitzau","1","0.00","0"
"714","Kurt","Adolff","1","0.00","0"
"715","Günther","Bechem","2","0.00","0"
"716","Erwin","Bauer","1","0.00","0"
"717","Hans","von Stuck","4","0.00","0"
"718","Ernst","Loof","1","0.00","0"
"719","Albert","Scherrer","1","0.00","0"
"720","Max","de Terra","2","0.00","0"
"721","Peter","Hirt","5","0.00","0"
"722","Piero","Carini","3","0.00","0"
"724","Toni","Ulmen","2","0.00","0"
"725","George","Abecassis","2","0.00","0"
"726","George","Connor","3","0.00","0"
"727","Jim","Rigsby","1","0.00","0"
"728","Joe","James","2","0.00","0"
"729","Bill","Schindler","3","0.00","0"
"730","George","Fonder","2","0.00","0"
"731","Henry","Banks","3","0.00","0"
"732","Johnny","McDowell","3","0.00","0"
"733","Chet","Miller","2","0.00","0"
"735","Charles","de Tornaco","3","0.00","0"
"736","Roger","Laurent","2","0.00","0"
"737","Robert","O'Brien","1","0.00","0"
"738","Tony","Gaze","4","0.00","0"
"739","Robin","Montgomerie-Charrington","1","0.00","0"
"740","Franco","Comotti","2","0.00","0"
"744","Ken","Downing","2","0.00","0"
"745","Graham","Whitehead","1","0.00","0"
"746","Gino","Bianco","4","0.00","0"
"747","David","Murray","4","0.00","0"
"748","Eitel","Cantoni","3","0.00","0"
"749","Bill","Aston","3","0.00","0"
"750","Adolf","Brudes","1","0.00","0"
"751","Fritz","Riess","1","0.00","0"
"752","Helmut","Niedermayr","1","0.00","0"
"753","Hans","Klenk","1","0.00","0"
"754","Marcel","Balsa","1","0.00","0"
"755","Rudolf","Schoeller","1","0.00","0"
"756","Paul","Pietsch","3","0.00","0"
"757","Josef","Peters","1","0.00","0"
"758","Dries","van der Lof","1","0.00","0"
"759","Jan","Flinterman","1","0.00","0"
"760","Piero","Dusio","1","0.00","0"
"761","Alberto","Crespo","1","0.00","0"
"762","Franco","Rol","5","0.00","0"
"764","Guy","Mairesse","3","0.00","0"
"765","Henri","Louveau","2","0.00","0"
"767","Carl","Forberg","1","0.00","0"
"769","Bill","Mackey","1","0.00","0"
"771","Walt","Brown","2","0.00","0"
"772","Mack","Hellings","2","0.00","0"
"773","Pierre","Levegh","6","0.00","0"
"775","Aldo","Gordini","1","0.00","0"
"776","Joe","Kelly","2","0.00","0"
"777","Philip","Fotheringham-Parker","1","0.00","0"
"778","Brian","Shawe Taylor","2","0.00","0"
"779","John","James","1","0.00","0"
"780","Toni","Branca","3","0.00","0"
"781","Ken","Richardson","1","0.00","0"
"782","Juan","Jover","1","0.00","0"
"783","Georges","Grignard","1","0.00","0"
"784","David","Hampshire","2","0.00","0"
"785","Geoff","Crossley","2","0.00","0"
"787","Cuth","Harrison","3","0.00","0"
"788","Joe","Fry","1","0.00","0"
"789","Eugène","Martin","2","0.00","0"
"790","Leslie","Johnson","1","0.00","0"
"791","Clemente","Biondetti","1","0.00","0"
"792","Alfredo","Pián","1","0.00","0"
"795","Myron","Fohr","1","0.00","0"
"796","Walt","Ader","1","0.00","0"
"797","Jackie","Holmes","2","0.00","0"
"798","Bayliss","Levrett","1","0.00","0"
"799","Jimmy","Jackson","2","0.00","0"
"800","Nello","Pagani","1","0.00","0"
"801","Charles","Pozzi","1","0.00","0"
"803","Bill","Cantrell","1","0.00","0"
"804","Johnny","Mantz","1","0.00","0"
"805","Danny","Kladis","1","0.00","0"
"806","Óscar","González","1","0.00","0"
"810","Lucas","di Grassi","19","0.00","0"
"812","Karun","Chandhok","11","0.00","0"
"816","Jérôme","d'Ambrosio","20","0.00","0"
"819","Charles","Pic","39","0.00","0"
"820","Max","Chilton","35","0.00","0"
"823","Giedo","van der Garde","19","0.00","0"
"827","André","Lotterer","1","0.00","0"
"829","Will","Stevens","19","0.00","0"
"833","Roberto","Merhi","13","0.00","0"
"834","Alexander","Rossi","5","0.00","0"
"837","Rio","Haryanto","12","0.00","0"
"850","Pietro","Fittipaldi","2","0.00","0"
"851","Jack","Aitken","1","0.00","0"
"853","Nikita","Mazepin","22","0.00","0"
"858","Logan","Sargeant","12","0.00","0"
"19","Anthony","Davidson","24","0.00","0"
"26","Scott","Speed","28","0.00","0"
"28","Markus","Winkelhock","1","0.00","0"
"29","Sakon","Yamamoto","21","0.00","0"
"34","Yuji","Ide","4","0.00","0"
"36","Franck","Montagny","7","0.00","0"
"38","Robert","Doornbos","11","0.00","0"
"45","Giorgio","Pantano","14","0.00","0"
"46","Gianmaria","Bruni","18","0.00","0"
"53","Nicolas","Kiesa","5","0.00","0"
"54","Luciano","Burti","15","0.00","0"
"58","Tarso","Marques","26","0.00","0"
"59","Enrique","Bernoldi","29","0.00","0"
"60","Gastón","Mazzacane","21","0.00","0"
"61","Tomáš","Enge","3","0.00","0"
"62","Alex","Yoong","16","0.00","0"
"66","Allan","McNish","17","0.00","0"
"68","Toranosuke","Takagi","32","0.00","0"
"69","Luca","Badoer","58","0.00","0"
"72","Stéphane","Sarrazin","1","0.00","0"
"73","Ricardo","Rosset","30","0.00","0"
"74","Esteban","Tuero","16","0.00","0"
"80","Vincenzo","Sospiri","1","0.00","0"
"82","Norberto","Fontana","4","0.00","0"
"85","Andrea","Montermini","28","0.00","0"
"86","Giovanni","Lavaggi","10","0.00","0"
"89","Taki","Inoue","18","0.00","0"
"93","Domenico","Schiattarella","7","0.00","0"
"97","Massimiliano","Papis","7","0.00","0"
"98","Jean-Denis","Délétraz","3","0.00","0"
"101","David","Brabham","30","0.00","0"
"106","Olivier","Beretta","10","0.00","0"
"107","Roland","Ratzenberger","3","0.00","0"
"108","Paul","Belmondo","27","0.00","0"
"111","Jean-Marc","Gounon","9","0.00","0"
"113","Philippe","Adams","2","0.00","0"
"114","Yannick","Dalmas","50","0.00","0"
"115","Hideki","Noda","3","0.00","0"
"116","Franck","Lagorce","2","0.00","0"
"124","Marco","Apicella","1","0.00","0"
"125","Emanuele","Naspetti","6","0.00","0"
"126","Toshio","Suzuki","2","0.00","0"
"128","Eric","van de Poele","29","0.00","0"
"130","Andrea","Chiesa","10","0.00","0"
"132","Giovanna","Amati","3","0.00","0"
"134","Enrico","Bertaggia","6","0.00","0"
"135","Perry","McCarthy","7","0.00","0"
"136","Jan","Lammers","41","0.00","0"
"142","Pedro","Chaves","13","0.00","0"
"143","Michael","Bartels","4","0.00","0"
"144","Naoki","Hattori","2","0.00","0"
"146","Bernd","Schneider","32","0.00","0"
"147","Paolo","Barilla","15","0.00","0"
"148","Gregor","Foitek","22","0.00","0"
"149","Claudio","Langes","14","0.00","0"
"150","Gary","Brabham","2","0.00","0"
"151","Martin","Donnelly","15","0.00","0"
"161","Volker","Weidler","10","0.00","0"
"162","Pierre-Henri","Raphanel","17","0.00","0"
"164","Joachim","Winkelhock","7","0.00","0"
"165","Oscar","Larrauri","21","0.00","0"
"167","Adrián","Campos","21","0.00","0"
"168","Jean-Louis","Schlesser","2","0.00","0"
"169","Pascal","Fabre","12","0.00","0"
"171","Franco","Forini","2","0.00","0"
"179","Huub","Rothengatter","28","0.00","0"
"180","Allen","Berg","9","0.00","0"
"183","François","Hesnault","20","0.00","0"
"186","Kenny","Acheson","9","0.00","0"
"189","Jo","Gartner","8","0.00","0"
"190","Corrado","Fabi","18","0.00","0"
"191","Mike","Thackwell","5","0.00","0"
"195","Roberto","Guerrero","29","0.00","0"
"196","Raul","Boesel","30","0.00","0"
"198","Jacques","Villeneuve Sr.","3","0.00","0"
"204","Riccardo","Paletti","8","0.00","0"
"205","Brian","Henton","37","0.00","0"
"208","Emilio","de Villota","14","0.00","0"
"209","Geoff","Lees","12","0.00","0"
"210","Tommy","Byrne","5","0.00","0"
"211","Rupert","Keegan","37","0.00","0"
"213","Beppe","Gabbiani","17","0.00","0"
"214","Kevin","Cogan","2","0.00","0"
"215","Miguel Ángel","Guerra","4","0.00","0"
"216","Siegfried","Stohr","13","0.00","0"
"217","Ricardo","Zunino","11","0.00","0"
"218","Ricardo","Londoño","1","0.00","0"
"220","Giorgio","Francia","2","0.00","0"
"225","Dave","Kennedy","7","0.00","0"
"226","Stephen","South","1","0.00","0"
"227","Tiff","Needell","2","0.00","0"
"228","Desiré","Wilson","1","0.00","0"
"229","Harald","Ertl","28","0.00","0"
"234","Gianfranco","Brancatelli","3","0.00","0"
"236","Patrick","Gaillard","5","0.00","0"
"237","Alex","Ribeiro","20","0.00","0"
"239","Brett","Lunger","42","0.00","0"
"240","Danny","Ongais","6","0.00","0"
"241","Lamberto","Leoni","5","0.00","0"
"242","Divina","Galica","3","0.00","0"
"244","Alberto","Colombo","3","0.00","0"
"245","Tony","Trimmer","6","0.00","0"
"246","Hans","Binder","15","0.00","0"
"247","Michael","Bleekemolen","5","0.00","0"
"248","Carlo","Franchi","1","0.00","0"
"249","Bobby","Rahal","2","0.00","0"
"251","Ian","Scheckter","20","0.00","0"
"253","Ingo","Hoffmann","6","0.00","0"
"256","Larry","Perkins","15","0.00","0"
"257","Boy","Lunger","7","0.00","0"
"258","Patrick","Nève","13","0.00","0"
"259","David","Purley","11","0.00","0"
"260","Conny","Andersson","5","0.00","0"
"261","Bernard","de Dryver","1","0.00","0"
"263","Mikko","Kozarowitzky","2","0.00","0"
"264","Andy","Sutcliffe","1","0.00","0"
"265","Guy","Edwards","16","0.00","0"
"266","Brian","McGuire","1","0.00","0"
"267","Vern","Schuppan","12","0.00","0"
"268","Hans","Heyer","1","0.00","0"
"269","Teddy","Pilette","4","0.00","0"
"270","Ian","Ashley","11","0.00","0"
"271","Loris","Kessel","6","0.00","0"
"272","Kunimitsu","Takahashi","1","0.00","0"
"273","Kazuyoshi","Hoshino","2","0.00","0"
"274","Noritake","Takahara","2","0.00","0"
"276","Bob","Evans","12","0.00","0"
"277","Michel","Leclère","8","0.00","0"
"279","Emilio","Zapico","1","0.00","0"
"281","Jac","Nelleman","1","0.00","0"
"282","Damien","Magee","2","0.00","0"
"283","Mike","Wilds","8","0.00","0"
"284","Alessandro","Pesenti-Rossi","4","0.00","0"
"285","Otto","Stuppacher","3","0.00","0"
"286","Warwick","Brown","1","0.00","0"
"287","Masahiro","Hasemi","1","0.00","0"
"291","Guy","Tunmer","1","0.00","0"
"292","Eddie","Keizan","3","0.00","0"
"293","Dave","Charlton","13","0.00","0"
"295","Roelof","Wunderink","6","0.00","0"
"296","François","Migault","15","0.00","0"
"297","Torsten","Palm","2","0.00","0"
"299","Hiroshi","Fushida","2","0.00","0"
"300","John","Nicholson","2","0.00","0"
"301","Dave","Morgan","1","0.00","0"
"302","Jim","Crawford","2","0.00","0"
"303","Jo","Vonlanthen","1","0.00","0"
"308","Richard","Robarts","4","0.00","0"
"310","Paddy","Driver","2","0.00","0"
"311","Tom","Belsø","4","0.00","0"
"313","Rikky","von Opel","13","0.00","0"
"315","Gérard","Larrousse","2","0.00","0"
"316","Leo","Kinnunen","6","0.00","0"
"318","Bertil","Roos","1","0.00","0"
"319","José","Dolhem","3","0.00","0"
"322","David","Hobbs","7","0.00","0"
"323","Dieter","Quester","1","0.00","0"
"324","Helmuth","Koinigg","3","0.00","0"
"325","Carlo","Facetti","1","0.00","0"
"326","Eppie","Wietzes","2","0.00","0"
"329","Mike","Beuttler","29","0.00","0"
"330","Nanni","Galli","17","0.00","0"
"331","Luiz","Bueno","1","0.00","0"
"334","Jackie","Pretorius","4","0.00","0"
"335","Roger","Williamson","2","0.00","0"
"336","Graham","McRae","1","0.00","0"
"337","Helmut","Marko","9","0.00","0"
"338","David","Walker","11","0.00","0"
"339","Alex","Soler-Roig","9","0.00","0"
"342","Skip","Barber","6","0.00","0"
"343","Bill","Brack","3","0.00","0"
"344","Sam","Posey","2","0.00","0"
"348","François","Mazet","1","0.00","0"
"349","Max","Jean","1","0.00","0"
"352","George","Eaton","13","0.00","0"
"353","Pete","Lovely","11","0.00","0"
"354","Chris","Craft","2","0.00","0"
"355","John","Cannon","1","0.00","0"
"362","Peter","de Klerk","4","0.00","0"
"365","Hubert","Hahne","3","0.00","0"
"366","Gus","Hutchison","1","0.00","0"
"367","Peter","Westbury","1","0.00","0"
"368","Sam","Tingle","6","0.00","0"
"369","Basil","van Rooyen","2","0.00","0"
"371","Al","Pease","2","0.00","0"
"372","John","Cordts","1","0.00","0"
"377","Jo","Schlesser","2","0.00","0"
"378","Robin","Widdows","1","0.00","0"
"379","Kurt","Ahrens","2","0.00","0"
"380","Frank","Gardner","9","0.00","0"
"381","Bobby","Unser","1","0.00","0"
"382","Moisés","Solana","8","0.00","0"
"384","Luki","Botha","1","0.00","0"
"390","Alan","Rees","2","0.00","0"
"391","Brian","Hart","1","0.00","0"
"392","Mike","Fisher","2","0.00","0"
"393","Tom","Jones","1","0.00","0"
"395","Jonathan","Williams","1","0.00","0"
"398","Vic","Wilson","2","0.00","0"
"400","Chris","Lawrence","2","0.00","0"
"402","Giacomo","Russo","3","0.00","0"
"406","Paul","Hawkins","3","0.00","0"
"407","David","Prophet","2","0.00","0"
"409","Trevor","Blokdyk","2","0.00","0"
"411","Doug","Serrurier","3","0.00","0"
"412","Brausch","Niemann","2","0.00","0"
"413","Ernie","Pieterse","3","0.00","0"
"414","Clive","Puzey","1","0.00","0"
"415","Ray","Reed","1","0.00","0"
"416","David","Clapham","1","0.00","0"
"417","Alex","Blignaut","1","0.00","0"
"419","John","Rhodes","1","0.00","0"
"420","Ian","Raby","7","0.00","0"
"421","Alan","Rollinson","1","0.00","0"
"422","Brian","Gubby","1","0.00","0"
"424","Roberto","Bussinello","4","0.00","0"
"425","Nino","Vaccarella","5","0.00","0"
"426","Giorgio","Bassi","1","0.00","0"
"428","Bernard","Collomb","6","0.00","0"
"431","Edgar","Barth","7","0.00","0"
"432","Mário de Araújo","Cabral","5","0.00","0"
"434","Hap","Sharp","6","0.00","0"
"436","John","Campbell-Jones","5","0.00","0"
"437","Ian","Burgess","26","0.00","0"
"438","Tony","Settember","10","0.00","0"
"439","Nasif","Estéfano","5","0.00","0"
"441","Tim","Parnell","4","0.00","0"
"442","Kurt","Kuhnke","2","0.00","0"
"443","Ernesto","Brambilla","1","0.00","0"
"444","Roberto","Lippi","3","0.00","0"
"445","Günther","Seiffert","2","0.00","0"
"446","Carlo","Abate","2","0.00","0"
"447","Gaetano","Starrabba","2","0.00","0"
"448","Peter","Broeker","1","0.00","0"
"450","Ernie","de Vos","1","0.00","0"
"451","Frank","Dochnal","1","0.00","0"
"452","Thomas","Monarch","1","0.00","0"
"455","Wolfgang","Seidel","13","0.00","0"
"457","Ben","Pon","1","0.00","0"
"458","Rob","Slotemaker","1","0.00","0"
"459","Tony","Marsh","9","0.00","0"
"460","Gerry","Ashmore","5","0.00","0"
"461","Heinz","Schiller","2","0.00","0"
"462","Colin","Davis","3","0.00","0"
"463","Jay","Chamberlain","3","0.00","0"
"464","Tony","Shelly","3","0.00","0"
"465","Keith","Greene","6","0.00","0"
"466","Heini","Walter","1","0.00","0"
"467","Ernesto","Prinoth","2","0.00","0"
"468","Roger","Penske","2","0.00","0"
"469","Rob","Schroeder","1","0.00","0"
"470","Timmy","Mayer","1","0.00","0"
"471","Bruce","Johnstone","1","0.00","0"
"472","Mike","Harris","1","0.00","0"
"473","Gary","Hocking","1","0.00","0"
"474","Syd","van der Vyver","1","0.00","0"
"480","Michael","May","4","0.00","0"
"484","Brian","Naylor","9","0.00","0"
"485","Juan Manuel","Bordeu","1","0.00","0"
"487","Massimo","Natili","2","0.00","0"
"488","Peter","Monteverdi","1","0.00","0"
"489","Renato","Pirocchi","2","0.00","0"
"490","Geoff","Duke","1","0.00","0"
"491","Alfonso","Thiele","2","0.00","0"
"492","Menato","Boffa","1","0.00","0"
"493","Peter","Ryan","1","0.00","0"
"494","Lloyd","Ruby","2","0.00","0"
"495","Ken","Miles","1","0.00","0"
"497","Alberto Rodriguez","Larreta","1","0.00","0"
"499","Roberto","Bonomi","1","0.00","0"
"500","Gino","Munaron","4","0.00","0"
"502","Alan","Stacey","7","0.00","0"
"503","Ettore","Chimeri","1","0.00","0"
"504","Antonio","Creus","1","0.00","0"
"505","Chris","Bristow","4","0.00","0"
"506","Bruce","Halford","9","0.00","0"
"507","Chuck","Daigh","6","0.00","0"
"508","Lance","Reventlow","4","0.00","0"
"514","Bob","Veith","5","0.00","0"
"515","Bud","Tingelstad","1","0.00","0"
"516","Bob","Christie","5","0.00","0"
"517","Red","Amick","2","0.00","0"
"520","Gene","Hartley","8","0.00","0"
"521","Chuck","Stevenson","5","0.00","0"
"522","Bobby","Grim","2","0.00","0"
"523","Shorty","Templeman","3","0.00","0"
"524","Jim","Hurtubise","1","0.00","0"
"527","Eddie","Sachs","4","0.00","0"
"530","Wayne","Weiler","1","0.00","0"
"531","Anthony","Foyt","3","0.00","0"
"532","Eddie","Russo","4","0.00","0"
"534","Gene","Force","2","0.00","0"
"535","Jim","McWithey","2","0.00","0"
"536","Len","Sutton","3","0.00","0"
"538","Al","Herman","5","0.00","0"
"539","Dempsey","Wilson","2","0.00","0"
"540","Mike","Taylor","2","0.00","0"
"542","David","Piper","3","0.00","0"
"544","Piero","Drogo","1","0.00","0"
"545","Fred","Gamble","1","0.00","0"
"546","Arthur","Owen","1","0.00","0"
"548","Bob","Drake","1","0.00","0"
"549","Ivor","Bueb","6","0.00","0"
"550","Alain","de Changy","1","0.00","0"
"551","Maria","de Filippis","5","0.00","0"
"552","Jean","Lucienbonnet","1","0.00","0"
"553","André","Testut","2","0.00","0"
"556","Jimmy","Daywalt","6","0.00","0"
"557","Chuck","Arnold","1","0.00","0"
"558","Al","Keller","5","0.00","0"
"560","Bill","Cheesbourg","3","0.00","0"
"561","Ray","Crawford","3","0.00","0"
"562","Jack","Turner","4","0.00","0"
"563","Chuck","Weyant","4","0.00","0"
"564","Jud","Larson","2","0.00","0"
"565","Mike","Magill","3","0.00","0"
"566","Carroll","Shelby","8","0.00","0"
"567","Fritz","d'Orey","3","0.00","0"
"568","Azdrubal","Fontes","1","0.00","0"
"569","Peter","Ashdown","1","0.00","0"
"570","Bill","Moss","1","0.00","0"
"571","Dennis","Taylor","1","0.00","0"
"572","Harry","Blanchard","1","0.00","0"
"573","Alessandro","de Tomaso","2","0.00","0"
"574","George","Constantine","1","0.00","0"
"575","Bob","Said","1","0.00","0"
"576","Phil","Cade","1","0.00","0"
"582","Ken","Kavanagh","1","0.00","0"
"584","Bruce","Kessler","1","0.00","0"
"585","Paul","Emery","2","0.00","0"
"586","Luigi","Piotti","9","0.00","0"
"587","Bernie","Ecclestone","1","0.00","0"
"588","Luigi","Taramazzo","1","0.00","0"
"592","Jimmy","Reece","6","0.00","0"
"594","Johnnie","Tolan","3","0.00","0"
"595","Billy","Garrett","2","0.00","0"
"596","Ed","Elisian","5","0.00","0"
"597","Pat","O'Connor","5","0.00","0"
"598","Jerry","Unser","1","0.00","0"
"599","Art","Bisch","1","0.00","0"
"600","Christian","Goethals","1","0.00","0"
"601","Dick","Gibson","2","0.00","0"
"602","Robert","La Caze","1","0.00","0"
"603","André","Guelfi","1","0.00","0"
"604","François","Picard","1","0.00","0"
"605","Tom","Bridger","1","0.00","0"
"609","André","Simon","12","0.00","0"
"610","Les","Leston","3","0.00","0"